06-06 20:52:38 com_github_MitjaNemec_PlaceFootprints.action_place_footprints 674:Plugin executed on: 'win32'
06-06 20:52:38 com_github_MitjaNemec_PlaceFootprints.action_place_footprints 675:Plugin executed with python version: '3.11.5 (main, Jan 27 2025, 07:08:36) [MSC v.1942 64 bit (AMD64)]'
06-06 20:52:38 com_github_MitjaNemec_PlaceFootprints.action_place_footprints 676:KiCad build version: 9.0.1
06-06 20:52:38 com_github_MitjaNemec_PlaceFootprints.action_place_footprints 677:Plugin version: 4.0.1
06-06 20:52:38 com_github_MitjaNemec_PlaceFootprints.action_place_footprints 678:Frame repr: <wx._core.Frame object at 0x000001F98781C4C0>
06-06 20:52:38 com_github_MitjaNemec_PlaceFootprints.place_footprints 121:getting a list of all footprints on board
06-06 20:52:38 com_github_MitjaNemec_PlaceFootprints.place_footprints 156:Footprint C9 on root level
06-06 20:52:38 com_github_MitjaNemec_PlaceFootprints.place_footprints 156:Footprint C8 on root level
06-06 20:52:38 com_github_MitjaNemec_PlaceFootprints.place_footprints 156:Footprint C7 on root level
06-06 20:52:38 com_github_MitjaNemec_PlaceFootprints.place_footprints 156:Footprint R5 on root level
06-06 20:52:38 com_github_MitjaNemec_PlaceFootprints.place_footprints 156:Footprint C10 on root level
06-06 20:52:38 com_github_MitjaNemec_PlaceFootprints.place_footprints 156:Footprint DS1 on root level
06-06 20:52:38 com_github_MitjaNemec_PlaceFootprints.place_footprints 156:Footprint D17 on root level
06-06 20:52:38 com_github_MitjaNemec_PlaceFootprints.place_footprints 156:Footprint R4 on root level
06-06 20:52:38 com_github_MitjaNemec_PlaceFootprints.place_footprints 156:Footprint R6 on root level
06-06 20:52:38 com_github_MitjaNemec_PlaceFootprints.place_footprints 156:Footprint C6 on root level
06-06 20:52:38 com_github_MitjaNemec_PlaceFootprints.place_footprints 156:Footprint SW11 on root level
06-06 20:52:38 com_github_MitjaNemec_PlaceFootprints.place_footprints 156:Footprint D5 on root level
06-06 20:52:38 com_github_MitjaNemec_PlaceFootprints.place_footprints 156:Footprint SW12 on root level
06-06 20:52:38 com_github_MitjaNemec_PlaceFootprints.place_footprints 156:Footprint D8 on root level
06-06 20:52:38 com_github_MitjaNemec_PlaceFootprints.place_footprints 156:Footprint SW9 on root level
06-06 20:52:38 com_github_MitjaNemec_PlaceFootprints.place_footprints 156:Footprint SW10 on root level
06-06 20:52:38 com_github_MitjaNemec_PlaceFootprints.place_footprints 156:Footprint SW8 on root level
06-06 20:52:38 com_github_MitjaNemec_PlaceFootprints.place_footprints 156:Footprint SW4 on root level
06-06 20:52:38 com_github_MitjaNemec_PlaceFootprints.place_footprints 156:Footprint D4 on root level
06-06 20:52:38 com_github_MitjaNemec_PlaceFootprints.place_footprints 156:Footprint D1 on root level
06-06 20:52:38 com_github_MitjaNemec_PlaceFootprints.place_footprints 156:Footprint SW7 on root level
06-06 20:52:38 com_github_MitjaNemec_PlaceFootprints.place_footprints 156:Footprint SW6 on root level
06-06 20:52:38 com_github_MitjaNemec_PlaceFootprints.place_footprints 156:Footprint D10 on root level
06-06 20:52:38 com_github_MitjaNemec_PlaceFootprints.place_footprints 156:Footprint D11 on root level
06-06 20:52:38 com_github_MitjaNemec_PlaceFootprints.place_footprints 156:Footprint D2 on root level
06-06 20:52:38 com_github_MitjaNemec_PlaceFootprints.place_footprints 156:Footprint SW3 on root level
06-06 20:52:38 com_github_MitjaNemec_PlaceFootprints.place_footprints 156:Footprint D7 on root level
06-06 20:52:38 com_github_MitjaNemec_PlaceFootprints.place_footprints 156:Footprint SW5 on root level
06-06 20:52:38 com_github_MitjaNemec_PlaceFootprints.place_footprints 156:Footprint R1 on root level
06-06 20:52:38 com_github_MitjaNemec_PlaceFootprints.place_footprints 156:Footprint D15 on root level
06-06 20:52:38 com_github_MitjaNemec_PlaceFootprints.place_footprints 156:Footprint D9 on root level
06-06 20:52:38 com_github_MitjaNemec_PlaceFootprints.place_footprints 156:Footprint R3 on root level
06-06 20:52:38 com_github_MitjaNemec_PlaceFootprints.place_footprints 156:Footprint C5 on root level
06-06 20:52:38 com_github_MitjaNemec_PlaceFootprints.place_footprints 156:Footprint D3 on root level
06-06 20:52:38 com_github_MitjaNemec_PlaceFootprints.place_footprints 156:Footprint U1 on root level
06-06 20:52:38 com_github_MitjaNemec_PlaceFootprints.place_footprints 156:Footprint SW13 on root level
06-06 20:52:38 com_github_MitjaNemec_PlaceFootprints.place_footprints 156:Footprint D14 on root level
06-06 20:52:38 com_github_MitjaNemec_PlaceFootprints.place_footprints 156:Footprint C1 on root level
06-06 20:52:38 com_github_MitjaNemec_PlaceFootprints.place_footprints 156:Footprint D6 on root level
06-06 20:52:38 com_github_MitjaNemec_PlaceFootprints.place_footprints 156:Footprint J1 on root level
06-06 20:52:38 com_github_MitjaNemec_PlaceFootprints.place_footprints 156:Footprint D16 on root level
06-06 20:52:38 com_github_MitjaNemec_PlaceFootprints.place_footprints 156:Footprint R2 on root level
06-06 20:52:38 com_github_MitjaNemec_PlaceFootprints.place_footprints 156:Footprint R7 on root level
06-06 20:52:38 com_github_MitjaNemec_PlaceFootprints.place_footprints 156:Footprint C4 on root level
06-06 20:52:38 com_github_MitjaNemec_PlaceFootprints.place_footprints 156:Footprint D12 on root level
06-06 20:52:38 com_github_MitjaNemec_PlaceFootprints.place_footprints 156:Footprint C3 on root level
06-06 20:52:38 com_github_MitjaNemec_PlaceFootprints.place_footprints 156:Footprint D13 on root level
06-06 20:52:38 com_github_MitjaNemec_PlaceFootprints.place_footprints 156:Footprint C2 on root level
06-06 20:52:38 com_github_MitjaNemec_PlaceFootprints.place_footprints 156:Footprint A1 on root level
06-06 20:52:38 com_github_MitjaNemec_PlaceFootprints.place_footprints 156:Footprint SW1 on root level
06-06 20:52:38 com_github_MitjaNemec_PlaceFootprints.place_footprints 156:Footprint SW2 on root level
06-06 20:52:38 com_github_MitjaNemec_PlaceFootprints.action_place_footprints 717:Reference footprint='SW1'
06-06 20:52:40 com_github_MitjaNemec_PlaceFootprints.action_place_footprints 858:Reference designator is: SW
06-06 20:52:40 com_github_MitjaNemec_PlaceFootprints.action_place_footprints 859:Reference number is: 1
06-06 20:52:40 com_github_MitjaNemec_PlaceFootprints.action_place_footprints 891:Sorted and filtered list:
['SW1', 'SW2', 'SW3', 'SW4', 'SW5', 'SW6', 'SW7', 'SW8', 'SW9', 'SW10', 'SW11', 'SW12', 'SW13']
06-06 20:52:40 com_github_MitjaNemec_PlaceFootprints.action_place_footprints 376:wx.Colour(240, 240, 240, 255)
06-06 20:52:53 com_github_MitjaNemec_PlaceFootprints.action_place_footprints 507:'19.05'
06-06 20:52:53 com_github_MitjaNemec_PlaceFootprints.action_place_footprints 566:Preparing config for reference matrix
06-06 20:52:53 com_github_MitjaNemec_PlaceFootprints.action_place_footprints 573:Saving config file
06-06 20:52:53 com_github_MitjaNemec_PlaceFootprints.action_place_footprints 575:Saved the config file
06-06 20:52:53 com_github_MitjaNemec_PlaceFootprints.action_place_footprints 929:Footprints to place:
['SW1', 'SW2', 'SW3', 'SW4', 'SW5', 'SW6', 'SW7', 'SW8', 'SW9', 'SW10', 'SW11', 'SW12']
06-06 20:52:53 com_github_MitjaNemec_PlaceFootprints.place_footprints 427:Starting placing with matrix layout
06-06 20:52:53 com_github_MitjaNemec_PlaceFootprints.action_place_footprints 999:Placing complete
